0 info it worked if it ends with ok
1 verbose cli [ '/usr/bin/node',
1 verbose cli   '/usr/bin/npm',
1 verbose cli   'install',
1 verbose cli   'karma-html2js-preprocessors' ]
2 info using npm@1.4.28
3 info using node@v0.10.33
4 verbose node symlink /usr/bin/node
5 verbose readDependencies using package.json deps
6 verbose cache add [ 'karma-html2js-preprocessors', null ]
7 verbose cache add name=undefined spec="karma-html2js-preprocessors" args=["karma-html2js-preprocessors",null]
8 verbose parsed url { protocol: null,
8 verbose parsed url   slashes: null,
8 verbose parsed url   auth: null,
8 verbose parsed url   host: null,
8 verbose parsed url   port: null,
8 verbose parsed url   hostname: null,
8 verbose parsed url   hash: null,
8 verbose parsed url   search: null,
8 verbose parsed url   query: null,
8 verbose parsed url   pathname: 'karma-html2js-preprocessors',
8 verbose parsed url   path: 'karma-html2js-preprocessors',
8 verbose parsed url   href: 'karma-html2js-preprocessors' }
9 silly lockFile 342ffc59-karma-html2js-preprocessors karma-html2js-preprocessors
10 verbose lock karma-html2js-preprocessors /home/adexe/.npm/342ffc59-karma-html2js-preprocessors.lock
11 silly lockFile 342ffc59-karma-html2js-preprocessors karma-html2js-preprocessors
12 silly lockFile 342ffc59-karma-html2js-preprocessors karma-html2js-preprocessors
13 verbose addNamed [ 'karma-html2js-preprocessors', '' ]
14 verbose addNamed [ null, '*' ]
15 silly lockFile 94a6e5a6-karma-html2js-preprocessors karma-html2js-preprocessors@
16 verbose lock karma-html2js-preprocessors@ /home/adexe/.npm/94a6e5a6-karma-html2js-preprocessors.lock
17 silly addNameRange { name: 'karma-html2js-preprocessors',
17 silly addNameRange   range: '*',
17 silly addNameRange   hasData: false }
18 verbose request where is /karma-html2js-preprocessors
19 verbose request registry https://registry.npmjs.org/
20 verbose request id 7579c05d0554a447
21 verbose url raw /karma-html2js-preprocessors
22 verbose url resolving [ 'https://registry.npmjs.org/',
22 verbose url resolving   './karma-html2js-preprocessors' ]
23 verbose url resolved https://registry.npmjs.org/karma-html2js-preprocessors
24 verbose request where is https://registry.npmjs.org/karma-html2js-preprocessors
25 info trying registry request attempt 1 at 23:55:36
26 http GET https://registry.npmjs.org/karma-html2js-preprocessors
27 http 404 https://registry.npmjs.org/karma-html2js-preprocessors
28 verbose headers { date: 'Wed, 25 Mar 2015 23:55:37 GMT',
28 verbose headers   server: 'CouchDB/1.5.0 (Erlang OTP/R16B03)',
28 verbose headers   'content-type': 'application/json',
28 verbose headers   'cache-control': 'max-age=0',
28 verbose headers   'content-length': '51',
28 verbose headers   'accept-ranges': 'bytes',
28 verbose headers   via: '1.1 varnish',
28 verbose headers   age: '0',
28 verbose headers   'x-served-by': 'cache-lcy1124-LCY',
28 verbose headers   'x-cache': 'MISS',
28 verbose headers   'x-cache-hits': '0',
28 verbose headers   'x-timer': 'S1427327737.014091,VS0,VE89',
28 verbose headers   'keep-alive': 'timeout=10, max=50',
28 verbose headers   connection: 'Keep-Alive' }
29 silly registry.get cb [ 404,
29 silly registry.get   { date: 'Wed, 25 Mar 2015 23:55:37 GMT',
29 silly registry.get     server: 'CouchDB/1.5.0 (Erlang OTP/R16B03)',
29 silly registry.get     'content-type': 'application/json',
29 silly registry.get     'cache-control': 'max-age=0',
29 silly registry.get     'content-length': '51',
29 silly registry.get     'accept-ranges': 'bytes',
29 silly registry.get     via: '1.1 varnish',
29 silly registry.get     age: '0',
29 silly registry.get     'x-served-by': 'cache-lcy1124-LCY',
29 silly registry.get     'x-cache': 'MISS',
29 silly registry.get     'x-cache-hits': '0',
29 silly registry.get     'x-timer': 'S1427327737.014091,VS0,VE89',
29 silly registry.get     'keep-alive': 'timeout=10, max=50',
29 silly registry.get     connection: 'Keep-Alive' } ]
30 silly lockFile 94a6e5a6-karma-html2js-preprocessors karma-html2js-preprocessors@
31 silly lockFile 94a6e5a6-karma-html2js-preprocessors karma-html2js-preprocessors@
32 error 404 404 Not Found: karma-html2js-preprocessors
32 error 404
32 error 404 'karma-html2js-preprocessors' is not in the npm registry.
32 error 404 You should bug the author to publish it
32 error 404 It was specified as a dependency of 'Analizador-Lexico'
32 error 404
32 error 404 Note that you can also install from a
32 error 404 tarball, folder, or http url, or git url.
33 error System Linux 3.13.0-43-generic
34 error command "/usr/bin/node" "/usr/bin/npm" "install" "karma-html2js-preprocessors"
35 error cwd /home/adexe/Escritorio/Procesadores de Lenguajes/Pagina Web/AnalizLex
36 error node -v v0.10.33
37 error npm -v 1.4.28
38 error code E404
39 verbose exit [ 1, true ]
